<?xml version="1.0" encoding="UTF-8"?>
<testng-results skipped="0" failed="1" total="8" passed="7">
  <reporter-output>
  </reporter-output>
  <suite name="Command line suite" duration-ms="1171" started-at="2022-06-07T08:50:55Z" finished-at="2022-06-07T08:50:56Z">
    <groups>
      <group name="password">
        <method signature="UserTestDemo.password()[pri:0, instance:JustTest.UserTestDemo@2eee9593]" name="password" class="JustTest.UserTestDemo"/>
      </group> <!-- password -->
      <group name="ignore">
        <method signature="UserTestDemo.getAllLessUser()[pri:0, instance:JustTest.UserTestDemo@2eee9593]" name="getAllLessUser" class="JustTest.UserTestDemo"/>
      </group> <!-- ignore -->
    </groups>
    <test name="Command line test" duration-ms="1171" started-at="2022-06-07T08:50:55Z" finished-at="2022-06-07T08:50:56Z">
      <class name="JustTest.UserTestDemo">
        <test-method status="PASS" signature="beforeClass123()[pri:0, instance:JustTest.UserTestDemo@2eee9593]" name="beforeClass123" is-config="true" duration-ms="1" started-at="2022-06-07T16:50:56Z" finished-at="2022-06-07T16:50:56Z">
          <reporter-output>
          </reporter-output>
        </test-method> <!-- beforeClass123 -->
        <test-method status="FAIL" signature="getAllLessUser()[pri:0, instance:JustTest.UserTestDemo@2eee9593]" name="getAllLessUser" duration-ms="62" started-at="2022-06-07T16:50:56Z" finished-at="2022-06-07T16:50:56Z">
          <exception class="java.lang.AssertionError">
            <message>
              <![CDATA[expected [success] but found [未认证，请先登录]]]>
            </message>
            <full-stacktrace>
                <![CDATA[java.lang.AssertionError: expected [success] but found [未认证，请先登录]
	at org.testng.Assert.fail(Assert.java:94)
	at org.testng.Assert.failNotEquals(Assert.java:494)
	at org.testng.Assert.assertEquals(Assert.java:123)
	at org.testng.Assert.assertEquals(Assert.java:165)
	at JustTest.UserTestDemo.getAllLessUser(UserTestDemo.java:150)
	at sun.reflect.NativeMethodAccessorImpl.invoke0(Native Method)
	at sun.reflect.NativeMethodAccessorImpl.invoke(NativeMethodAccessorImpl.java:62)
	at sun.reflect.DelegatingMethodAccessorImpl.invoke(DelegatingMethodAccessorImpl.java:43)
	at java.lang.reflect.Method.invoke(Method.java:498)
	at org.testng.internal.MethodInvocationHelper.invokeMethod(MethodInvocationHelper.java:80)
	at org.testng.internal.Invoker.invokeMethod(Invoker.java:714)
	at org.testng.internal.Invoker.invokeTestMethod(Invoker.java:901)
	at org.testng.internal.Invoker.invokeTestMethods(Invoker.java:1231)
	at org.testng.internal.TestMethodWorker.invokeTestMethods(TestMethodWorker.java:127)
	at org.testng.internal.TestMethodWorker.run(TestMethodWorker.java:111)
	at org.testng.TestRunner.privateRun(TestRunner.java:767)
	at org.testng.TestRunner.run(TestRunner.java:617)
	at org.testng.SuiteRunner.runTest(SuiteRunner.java:334)
	at org.testng.SuiteRunner.runSequentially(SuiteRunner.java:329)
	at org.testng.SuiteRunner.privateRun(SuiteRunner.java:291)
	at org.testng.SuiteRunner.run(SuiteRunner.java:240)
	at org.testng.SuiteRunnerWorker.runSuite(SuiteRunnerWorker.java:52)
	at org.testng.SuiteRunnerWorker.run(SuiteRunnerWorker.java:86)
	at org.testng.TestNG.runSuitesSequentially(TestNG.java:1198)
	at org.testng.TestNG.runSuitesLocally(TestNG.java:1123)
	at org.testng.TestNG.run(TestNG.java:1031)
	at testngRun.main(testngRun.java:11)
]]>
            </full-stacktrace>
          </exception> <!-- java.lang.AssertionError -->
          <reporter-output>
          </reporter-output>
        </test-method> <!-- getAllLessUser -->
        <test-method status="PASS" signature="beforeClass123()[pri:0, instance:JustTest.UserTestDemo@2eee9593]" name="beforeClass123" is-config="true" duration-ms="1" started-at="2022-06-07T16:50:56Z" finished-at="2022-06-07T16:50:56Z">
          <reporter-output>
          </reporter-output>
        </test-method> <!-- beforeClass123 -->
        <test-method status="PASS" signature="login_postmanchange()[pri:0, instance:JustTest.UserTestDemo@2eee9593]" name="login_postmanchange" duration-ms="91" started-at="2022-06-07T16:50:56Z" finished-at="2022-06-07T16:50:56Z">
          <reporter-output>
          </reporter-output>
        </test-method> <!-- login_postmanchange -->
        <test-method status="PASS" signature="beforeClass123()[pri:0, instance:JustTest.UserTestDemo@2eee9593]" name="beforeClass123" is-config="true" duration-ms="1" started-at="2022-06-07T16:50:56Z" finished-at="2022-06-07T16:50:56Z">
          <reporter-output>
          </reporter-output>
        </test-method> <!-- beforeClass123 -->
        <test-method status="PASS" signature="password()[pri:0, instance:JustTest.UserTestDemo@2eee9593]" name="password" duration-ms="62" started-at="2022-06-07T16:50:56Z" finished-at="2022-06-07T16:50:56Z">
          <reporter-output>
          </reporter-output>
        </test-method> <!-- password -->
        <test-method status="PASS" signature="beforeClass123()[pri:0, instance:JustTest.UserTestDemo@2eee9593]" name="beforeClass123" is-config="true" duration-ms="1" started-at="2022-06-07T16:50:56Z" finished-at="2022-06-07T16:50:56Z">
          <reporter-output>
          </reporter-output>
        </test-method> <!-- beforeClass123 -->
        <test-method status="PASS" signature="login()[pri:0, instance:JustTest.UserTestDemo@2eee9593]" name="login" duration-ms="175" started-at="2022-06-07T16:50:56Z" finished-at="2022-06-07T16:50:56Z">
          <reporter-output>
          </reporter-output>
        </test-method> <!-- login -->
        <test-method status="PASS" signature="beforeClass123()[pri:0, instance:JustTest.UserTestDemo@2eee9593]" name="beforeClass123" is-config="true" duration-ms="1" started-at="2022-06-07T16:50:56Z" finished-at="2022-06-07T16:50:56Z">
          <reporter-output>
          </reporter-output>
        </test-method> <!-- beforeClass123 -->
        <test-method status="PASS" signature="user_list_user()[pri:0, instance:JustTest.UserTestDemo@2eee9593]" name="user_list_user" duration-ms="68" started-at="2022-06-07T16:50:56Z" depends-on-methods="JustTest.UserTestDemo.login_postmanchange" finished-at="2022-06-07T16:50:56Z">
          <reporter-output>
          </reporter-output>
        </test-method> <!-- user_list_user -->
      </class> <!-- JustTest.UserTestDemo -->
      <class name="JustTest.DataProviderDemo">
        <test-method status="PASS" signature="before()[pri:0, instance:JustTest.DataProviderDemo@6adca536]" name="before" is-config="true" duration-ms="8" started-at="2022-06-07T16:50:55Z" finished-at="2022-06-07T16:50:55Z">
          <reporter-output>
          </reporter-output>
        </test-method> <!-- before -->
        <test-method status="PASS" signature="testlogin(int, java.lang.String, java.lang.String, java.lang.String, int)[pri:0, instance:JustTest.DataProviderDemo@6adca536]" name="testlogin" duration-ms="531" started-at="2022-06-07T16:50:55Z" data-provider="testlogin" finished-at="2022-06-07T16:50:56Z">
          <params>
            <param index="0">
              <value>
                <![CDATA[1]]>
              </value>
            </param>
            <param index="1">
              <value>
                <![CDATA[用户名为空]]>
              </value>
            </param>
            <param index="2">
              <value>
                <![CDATA[]]>
              </value>
            </param>
            <param index="3">
              <value>
                <![CDATA[12345678]]>
              </value>
            </param>
            <param index="4">
              <value>
                <![CDATA[401]]>
              </value>
            </param>
          </params>
          <reporter-output>
          </reporter-output>
        </test-method> <!-- testlogin -->
        <test-method status="PASS" signature="testlogin(int, java.lang.String, java.lang.String, java.lang.String, int)[pri:0, instance:JustTest.DataProviderDemo@6adca536]" name="testlogin" duration-ms="65" started-at="2022-06-07T16:50:56Z" data-provider="testlogin" finished-at="2022-06-07T16:50:56Z">
          <params>
            <param index="0">
              <value>
                <![CDATA[2]]>
              </value>
            </param>
            <param index="1">
              <value>
                <![CDATA[密码为空]]>
              </value>
            </param>
            <param index="2">
              <value>
                <![CDATA[dandan]]>
              </value>
            </param>
            <param index="3">
              <value>
                <![CDATA[]]>
              </value>
            </param>
            <param index="4">
              <value>
                <![CDATA[400]]>
              </value>
            </param>
          </params>
          <reporter-output>
          </reporter-output>
        </test-method> <!-- testlogin -->
        <test-method status="PASS" signature="testlogin(int, java.lang.String, java.lang.String, java.lang.String, int)[pri:0, instance:JustTest.DataProviderDemo@6adca536]" name="testlogin" duration-ms="97" started-at="2022-06-07T16:50:56Z" data-provider="testlogin" finished-at="2022-06-07T16:50:56Z">
          <params>
            <param index="0">
              <value>
                <![CDATA[3]]>
              </value>
            </param>
            <param index="1">
              <value>
                <![CDATA[正确的用户名密码]]>
              </value>
            </param>
            <param index="2">
              <value>
                <![CDATA[admin]]>
              </value>
            </param>
            <param index="3">
              <value>
                <![CDATA[1foU/PiaMrJdyErmMAj+Vg==]]>
              </value>
            </param>
            <param index="4">
              <value>
                <![CDATA[200]]>
              </value>
            </param>
          </params>
          <reporter-output>
          </reporter-output>
        </test-method> <!-- testlogin -->
      </class> <!-- JustTest.DataProviderDemo -->
    </test> <!-- Command line test -->
  </suite> <!-- Command line suite -->
</testng-results>
